Using pre-set license
Built from '2020.3/staging' branch; Version is '2020.3.33f1 (915a7af8b0d5) revision 9525882'; Using compiler version '192528614'; Build Type 'Release'
OS: 'Windows 11  (10.0.22000) 64bit Professional' Language: 'de' Physical Memory: 14205 MB
BatchMode: 1, IsHumanControllingUs: 0, StartBugReporterOnCrash: 0, Is64bit: 1, IsPro: 0

COMMAND LINE ARGUMENTS:
C:\Program Files\Unity\Hub\Editor\2020.3.33f1\Editor\Unity.exe
-adb2
-batchMode
-noUpm
-name
AssetImportWorker0
-projectPath
C:/game tools/WIESO/The Game
-logFile
Logs/AssetImportWorker0.log
-srvPort
51735
Successfully changed project path to: C:/game tools/WIESO/The Game
C:/game tools/WIESO/The Game
Using Asset Import Pipeline V2.
Refreshing native plugins compatible for Editor in 110.84 ms, found 2 plugins.
Preloading 0 native plugins for Editor in 0.00 ms.
Initialize engine version: 2020.3.33f1 (915a7af8b0d5)
[Subsystems] Discovering subsystems at path C:/Program Files/Unity/Hub/Editor/2020.3.33f1/Editor/Data/Resources/UnitySubsystems
[Subsystems] Discovering subsystems at path C:/game tools/WIESO/The Game/Assets
GfxDevice: creating device client; threaded=0
Direct3D:
    Version:  Direct3D 11.0 [level 11.1]
    Renderer: AMD Radeon(TM) Graphics (ID=0x1636)
    Vendor:   
    VRAM:     7102 MB
    Driver:   27.20.11044.4003
Initialize mono
Mono path[0] = 'C:/Program Files/Unity/Hub/Editor/2020.3.33f1/Editor/Data/Managed'
Mono path[1] = 'C:/Program Files/Unity/Hub/Editor/2020.3.33f1/Editor/Data/MonoBleedingEdge/lib/mono/unityjit'
Mono config path = 'C:/Program Files/Unity/Hub/Editor/2020.3.33f1/Editor/Data/MonoBleedingEdge/etc'
Using monoOptions --debugger-agent=transport=dt_socket,embedding=1,server=y,suspend=n,address=127.0.0.1:56788
Begin MonoManager ReloadAssembly
Registering precompiled unity dll's ...
Register platform support module: C:/Program Files/Unity/Hub/Editor/2020.3.33f1/Editor/Data/PlaybackEngines/WindowsStandaloneSupport/UnityEditor.WindowsStandalone.Extensions.dll
Registered in 0.002120 seconds.
Native extension for WindowsStandalone target not found
Refreshing native plugins compatible for Editor in 110.22 ms, found 2 plugins.
Preloading 0 native plugins for Editor in 0.00 ms.
Mono: successfully reloaded assembly
- Completed reload, in  1.053 seconds
Domain Reload Profiling:
	ReloadAssembly (1054ms)
		BeginReloadAssembly (100ms)
			ExecutionOrderSort (0ms)
			DisableScriptedObjects (0ms)
			BackupInstance (0ms)
			ReleaseScriptingObjects (0ms)
			CreateAndSetChildDomain (1ms)
		EndReloadAssembly (832ms)
			LoadAssemblies (97ms)
			RebuildTransferFunctionScriptingTraits (0ms)
			SetupTypeCache (245ms)
			ReleaseScriptCaches (0ms)
			RebuildScriptCaches (61ms)
			SetupLoadedEditorAssemblies (335ms)
				LogAssemblyErrors (0ms)
				InitializePlatformSupportModulesInManaged (7ms)
				SetLoadedEditorAssemblies (0ms)
				RefreshPlugins (110ms)
				BeforeProcessingInitializeOnLoad (21ms)
				ProcessInitializeOnLoadAttributes (147ms)
				ProcessInitializeOnLoadMethodAttributes (49ms)
				AfterProcessingInitializeOnLoad (0ms)
				EditorAssembliesLoaded (0ms)
			ExecutionOrderSort2 (0ms)
			AwakeInstancesAfterBackupRestoration (0ms)
Platform modules already initialized, skipping
Registering precompiled user dll's ...
Registered in 0.005422 seconds.
Begin MonoManager ReloadAssembly
Native extension for WindowsStandalone target not found
Refreshing native plugins compatible for Editor in 117.15 ms, found 2 plugins.
Preloading 0 native plugins for Editor in 0.00 ms.
Mono: successfully reloaded assembly
- Completed reload, in  2.132 seconds
Domain Reload Profiling:
	ReloadAssembly (2133ms)
		BeginReloadAssembly (251ms)
			ExecutionOrderSort (0ms)
			DisableScriptedObjects (9ms)
			BackupInstance (0ms)
			ReleaseScriptingObjects (0ms)
			CreateAndSetChildDomain (30ms)
		EndReloadAssembly (1776ms)
			LoadAssemblies (159ms)
			RebuildTransferFunctionScriptingTraits (0ms)
			SetupTypeCache (520ms)
			ReleaseScriptCaches (1ms)
			RebuildScriptCaches (114ms)
			SetupLoadedEditorAssemblies (786ms)
				LogAssemblyErrors (0ms)
				InitializePlatformSupportModulesInManaged (13ms)
				SetLoadedEditorAssemblies (0ms)
				RefreshPlugins (117ms)
				BeforeProcessingInitializeOnLoad (163ms)
				ProcessInitializeOnLoadAttributes (464ms)
				ProcessInitializeOnLoadMethodAttributes (19ms)
				AfterProcessingInitializeOnLoad (9ms)
				EditorAssembliesLoaded (1ms)
			ExecutionOrderSort2 (0ms)
			AwakeInstancesAfterBackupRestoration (11ms)
Platform modules already initialized, skipping
========================================================================
Worker process is ready to serve import requests
Launched and connected shader compiler UnityShaderCompiler.exe after 0.08 seconds
Refreshing native plugins compatible for Editor in 0.88 ms, found 2 plugins.
Preloading 0 native plugins for Editor in 0.00 ms.
Unloading 3183 Unused Serialized files (Serialized files now loaded: 0)
System memory in use before: 164.6 MB.
System memory in use after: 164.8 MB.

Unloading 20 unused Assets to reduce memory usage. Loaded Objects now: 3639.
Total: 5.960100 ms (FindLiveObjects: 0.571100 ms CreateObjectMapping: 0.214200 ms MarkObjects: 5.008800 ms  DeleteObjects: 0.162900 ms)

AssetImportParameters requested are different than current active one (requested -> active):
  custom:framework-win-MediaFoundation: 216162199b28c13a410421893ffa2e32 -> 
  custom:video-decoder-ogg-theora: a1e56fd34408186e4bbccfd4996cb3dc -> 
  custom:container-muxer-webm: aa71ff27fc2769a1b78a27578f13a17b -> 
  custom:container-demuxer-webm: 4f35f7cbe854078d1ac9338744f61a02 -> 
  custom:container-demuxer-ogg: 62fdf1f143b41e24485cea50d1cbac27 -> 
  custom:video-encoder-webm-vp8: eb34c28f22e8b96e1ab97ce403110664 -> 
  custom:video-codec-MediaFoundation-h265: 746d11721c4dcdbdad8f713fa42b33f4 -> 
  custom:video-decoder-webm-vp8: 9c59270c3fd7afecdb556c50c9e8de78 -> 
  custom:audio-decoder-ogg-vorbis: bf7c407c2cedff20999df2af8eb42d56 -> 
  custom:audio-encoder-webm-vorbis: bf7c407c2cedff20999df2af8eb42d56 -> 
========================================================================
Received Import Request.
  path: Assets/Game_Opjektes/Chunck.prefab
  artifactKey: Guid(273cc4abf71d20d4698aa0315e7caec4) Importer(815301076,1909f56bfc062723c751e8b465ee728b)
Start importing Assets/Game_Opjektes/Chunck.prefab using Guid(273cc4abf71d20d4698aa0315e7caec4) Importer(815301076,1909f56bfc062723c751e8b465ee728b)  -> (artifact id: 'b78c6932d5fabff2251922e6b3e0078d') in 0.113855 seconds 
========================================================================
Received Import Request.
  Time since last request: 0.501339 seconds.
  path: Assets/Objekte/geb채ude_pefabs/Mine_1.asset
  artifactKey: Guid(a27f22688a822f04c88bab346b93a94b) Importer(815301076,1909f56bfc062723c751e8b465ee728b)
Start importing Assets/Objekte/geb채ude_pefabs/Mine_1.asset using Guid(a27f22688a822f04c88bab346b93a94b) Importer(815301076,1909f56bfc062723c751e8b465ee728b)  -> (artifact id: 'a9c48fca061d9b1dc7d745ea8a5aafb4') in 0.039663 seconds 
========================================================================
Received Prepare
Registering precompiled user dll's ...
Registered in 0.002927 seconds.
Begin MonoManager ReloadAssembly
Native extension for WindowsStandalone target not found
Refreshing native plugins compatible for Editor in 1.33 ms, found 2 plugins.
Preloading 0 native plugins for Editor in 0.00 ms.
Mono: successfully reloaded assembly
- Completed reload, in  2.974 seconds
Domain Reload Profiling:
	ReloadAssembly (2975ms)
		BeginReloadAssembly (279ms)
			ExecutionOrderSort (0ms)
			DisableScriptedObjects (12ms)
			BackupInstance (0ms)
			ReleaseScriptingObjects (0ms)
			CreateAndSetChildDomain (84ms)
		EndReloadAssembly (2525ms)
			LoadAssemblies (226ms)
			RebuildTransferFunctionScriptingTraits (0ms)
			SetupTypeCache (815ms)
			ReleaseScriptCaches (2ms)
			RebuildScriptCaches (137ms)
			SetupLoadedEditorAssemblies (1013ms)
				LogAssemblyErrors (0ms)
				InitializePlatformSupportModulesInManaged (9ms)
				SetLoadedEditorAssemblies (1ms)
				RefreshPlugins (2ms)
				BeforeProcessingInitializeOnLoad (246ms)
				ProcessInitializeOnLoadAttributes (719ms)
				ProcessInitializeOnLoadMethodAttributes (23ms)
				AfterProcessingInitializeOnLoad (12ms)
				EditorAssembliesLoaded (1ms)
			ExecutionOrderSort2 (0ms)
			AwakeInstancesAfterBackupRestoration (40ms)
Platform modules already initialized, skipping
Refreshing native plugins compatible for Editor in 1.31 ms, found 2 plugins.
Preloading 0 native plugins for Editor in 0.00 ms.
Unloading 3068 Unused Serialized files (Serialized files now loaded: 0)
System memory in use before: 157.1 MB.
System memory in use after: 157.4 MB.

Unloading 13 unused Assets to reduce memory usage. Loaded Objects now: 3642.
Total: 8.057500 ms (FindLiveObjects: 0.422900 ms CreateObjectMapping: 0.185700 ms MarkObjects: 7.400600 ms  DeleteObjects: 0.046300 ms)

AssetImportParameters requested are different than current active one (requested -> active):
  custom:framework-win-MediaFoundation: 216162199b28c13a410421893ffa2e32 -> 
  custom:video-decoder-ogg-theora: a1e56fd34408186e4bbccfd4996cb3dc -> 
  custom:container-muxer-webm: aa71ff27fc2769a1b78a27578f13a17b -> 
  custom:container-demuxer-webm: 4f35f7cbe854078d1ac9338744f61a02 -> 
  custom:container-demuxer-ogg: 62fdf1f143b41e24485cea50d1cbac27 -> 
  custom:video-encoder-webm-vp8: eb34c28f22e8b96e1ab97ce403110664 -> 
  custom:video-codec-MediaFoundation-h265: 746d11721c4dcdbdad8f713fa42b33f4 -> 
  custom:video-decoder-webm-vp8: 9c59270c3fd7afecdb556c50c9e8de78 -> 
  custom:audio-decoder-ogg-vorbis: bf7c407c2cedff20999df2af8eb42d56 -> 
  custom:audio-encoder-webm-vorbis: bf7c407c2cedff20999df2af8eb42d56 -> 
========================================================================
Received Prepare
Registering precompiled user dll's ...
Registered in 0.007326 seconds.
Begin MonoManager ReloadAssembly
Native extension for WindowsStandalone target not found
Refreshing native plugins compatible for Editor in 1.60 ms, found 2 plugins.
Preloading 0 native plugins for Editor in 0.00 ms.
Mono: successfully reloaded assembly
- Completed reload, in  2.898 seconds
Domain Reload Profiling:
	ReloadAssembly (2899ms)
		BeginReloadAssembly (271ms)
			ExecutionOrderSort (0ms)
			DisableScriptedObjects (12ms)
			BackupInstance (0ms)
			ReleaseScriptingObjects (0ms)
			CreateAndSetChildDomain (81ms)
		EndReloadAssembly (2474ms)
			LoadAssemblies (233ms)
			RebuildTransferFunctionScriptingTraits (0ms)
			SetupTypeCache (800ms)
			ReleaseScriptCaches (3ms)
			RebuildScriptCaches (143ms)
			SetupLoadedEditorAssemblies (978ms)
				LogAssemblyErrors (0ms)
				InitializePlatformSupportModulesInManaged (11ms)
				SetLoadedEditorAssemblies (1ms)
				RefreshPlugins (2ms)
				BeforeProcessingInitializeOnLoad (254ms)
				ProcessInitializeOnLoadAttributes (674ms)
				ProcessInitializeOnLoadMethodAttributes (24ms)
				AfterProcessingInitializeOnLoad (12ms)
				EditorAssembliesLoaded (1ms)
			ExecutionOrderSort2 (0ms)
			AwakeInstancesAfterBackupRestoration (38ms)
Platform modules already initialized, skipping
Refreshing native plugins compatible for Editor in 1.22 ms, found 2 plugins.
Preloading 0 native plugins for Editor in 0.00 ms.
Unloading 3068 Unused Serialized files (Serialized files now loaded: 0)
System memory in use before: 157.2 MB.
System memory in use after: 157.4 MB.

Unloading 13 unused Assets to reduce memory usage. Loaded Objects now: 3645.
Total: 9.879100 ms (FindLiveObjects: 0.640200 ms CreateObjectMapping: 0.221100 ms MarkObjects: 8.957300 ms  DeleteObjects: 0.057100 ms)

AssetImportParameters requested are different than current active one (requested -> active):
  custom:framework-win-MediaFoundation: 216162199b28c13a410421893ffa2e32 -> 
  custom:video-decoder-ogg-theora: a1e56fd34408186e4bbccfd4996cb3dc -> 
  custom:container-muxer-webm: aa71ff27fc2769a1b78a27578f13a17b -> 
  custom:container-demuxer-webm: 4f35f7cbe854078d1ac9338744f61a02 -> 
  custom:container-demuxer-ogg: 62fdf1f143b41e24485cea50d1cbac27 -> 
  custom:video-encoder-webm-vp8: eb34c28f22e8b96e1ab97ce403110664 -> 
  custom:video-codec-MediaFoundation-h265: 746d11721c4dcdbdad8f713fa42b33f4 -> 
  custom:video-decoder-webm-vp8: 9c59270c3fd7afecdb556c50c9e8de78 -> 
  custom:audio-decoder-ogg-vorbis: bf7c407c2cedff20999df2af8eb42d56 -> 
  custom:audio-encoder-webm-vorbis: bf7c407c2cedff20999df2af8eb42d56 -> 
========================================================================
Received Import Request.
  Time since last request: 465.176706 seconds.
  path: Assets/Objekte/Obj/grass.prefab
  artifactKey: Guid(8c3ba2809f3d58042ae00b23dadb638b) Importer(815301076,1909f56bfc062723c751e8b465ee728b)
Start importing Assets/Objekte/Obj/grass.prefab using Guid(8c3ba2809f3d58042ae00b23dadb638b) Importer(815301076,1909f56bfc062723c751e8b465ee728b)  -> (artifact id: '0af0e9fc86606b0204d56d229dc991f7') in 0.607320 seconds 
========================================================================
Received Import Request.
  Time since last request: 7.675876 seconds.
  path: Assets/Objekte/Obj/Geb채ude
  artifactKey: Guid(af8f8f78c8f4a5443aedbbf137114ff3) Importer(815301076,1909f56bfc062723c751e8b465ee728b)
Start importing Assets/Objekte/Obj/Geb채ude using Guid(af8f8f78c8f4a5443aedbbf137114ff3) Importer(815301076,1909f56bfc062723c751e8b465ee728b)  -> (artifact id: '1f762fec5089b3e60e339ba5442a121d') in 0.035537 seconds 
========================================================================
Received Import Request.
  Time since last request: 0.647181 seconds.
  path: Assets/Objekte/Obj/Rohstoffe
  artifactKey: Guid(8835f3020e4ea484b8e94ced39d738b4) Importer(815301076,1909f56bfc062723c751e8b465ee728b)
Start importing Assets/Objekte/Obj/Rohstoffe using Guid(8835f3020e4ea484b8e94ced39d738b4) Importer(815301076,1909f56bfc062723c751e8b465ee728b)  -> (artifact id: '04ca869faa7cca7aca39579363e12653') in 0.013958 seconds 
========================================================================
Received Import Request.
  Time since last request: 1.165730 seconds.
  path: Assets/Objekte/Obj/Rohstoffe/Lehmbiom
  artifactKey: Guid(85229a6b7e9cf824bb290bf44b8ccbf4) Importer(815301076,1909f56bfc062723c751e8b465ee728b)
Start importing Assets/Objekte/Obj/Rohstoffe/Lehmbiom using Guid(85229a6b7e9cf824bb290bf44b8ccbf4) Importer(815301076,1909f56bfc062723c751e8b465ee728b)  -> (artifact id: '86ca62518557cbd1c3064fc66a82543d') in 0.016791 seconds 
========================================================================
Received Import Request.
  Time since last request: 1.325228 seconds.
  path: Assets/Objekte/Obj/Rohstoffe/Lehmbiom/Lem
  artifactKey: Guid(3ed9af1ac182fdc48ae51ff54bb35e96) Importer(815301076,1909f56bfc062723c751e8b465ee728b)
Start importing Assets/Objekte/Obj/Rohstoffe/Lehmbiom/Lem using Guid(3ed9af1ac182fdc48ae51ff54bb35e96) Importer(815301076,1909f56bfc062723c751e8b465ee728b)  -> (artifact id: '90ef31bfec05db917feedd05fa8c217e') in 0.014099 seconds 
========================================================================
Received Import Request.
  Time since last request: 0.087273 seconds.
  path: Assets/Objekte/Obj/Rohstoffe/Lehmbiom/Lem/Lehm_kureve-1.0.obj
  artifactKey: Guid(736d2249c815b17449642fbaf132ba0a) Importer(815301076,1909f56bfc062723c751e8b465ee728b)
Start importing Assets/Objekte/Obj/Rohstoffe/Lehmbiom/Lem/Lehm_kureve-1.0.obj using Guid(736d2249c815b17449642fbaf132ba0a) Importer(815301076,1909f56bfc062723c751e8b465ee728b)  -> (artifact id: '4949dd1f2f80266cce19b9ceb1b1c2de') in 0.229725 seconds 
========================================================================
Received Import Request.
  Time since last request: 0.000412 seconds.
  path: Assets/Objekte/Obj/Rohstoffe/Lehmbiom/Lem/Lehm_kureve-1.0.png
  artifactKey: Guid(f97f41419f51b6e4483c6cb91af8a003) Importer(815301076,1909f56bfc062723c751e8b465ee728b)
Start importing Assets/Objekte/Obj/Rohstoffe/Lehmbiom/Lem/Lehm_kureve-1.0.png using Guid(f97f41419f51b6e4483c6cb91af8a003) Importer(815301076,1909f56bfc062723c751e8b465ee728b)  -> (artifact id: '7ab61eb6eada9103d96c1384117e25bf') in 0.063981 seconds 
========================================================================
Received Import Request.
  Time since last request: 15.705391 seconds.
  path: Assets/Objekte/Obj/Rohstoffe/Lehmbiom/Lem/Ecke
  artifactKey: Guid(f37c161ddaf245b47b57249b8805bd69) Importer(815301076,1909f56bfc062723c751e8b465ee728b)
Start importing Assets/Objekte/Obj/Rohstoffe/Lehmbiom/Lem/Ecke using Guid(f37c161ddaf245b47b57249b8805bd69) Importer(815301076,1909f56bfc062723c751e8b465ee728b)  -> (artifact id: '44f67aa49446bd6dfef534cf95e3602c') in 0.015676 seconds 
========================================================================
Received Import Request.
  Time since last request: 1.107836 seconds.
  path: Assets/Objekte/Obj/Rohstoffe/Lehmbiom/Lem/Rand
  artifactKey: Guid(a58219c1f59c988478351eece3519a40) Importer(815301076,1909f56bfc062723c751e8b465ee728b)
Start importing Assets/Objekte/Obj/Rohstoffe/Lehmbiom/Lem/Rand using Guid(a58219c1f59c988478351eece3519a40) Importer(815301076,1909f56bfc062723c751e8b465ee728b)  -> (artifact id: 'b8f0b664092dd301cf1357133c5f61c2') in 0.016106 seconds 
========================================================================
Received Import Request.
  Time since last request: 0.135421 seconds.
  path: Assets/Objekte/Obj/Rohstoffe/Lehmbiom/Lem/Rand/Lehm-Mitte 00.obj
  artifactKey: Guid(afeb3429d4427d441a0182e0431fbbd8) Importer(815301076,1909f56bfc062723c751e8b465ee728b)
Start importing Assets/Objekte/Obj/Rohstoffe/Lehmbiom/Lem/Rand/Lehm-Mitte 00.obj using Guid(afeb3429d4427d441a0182e0431fbbd8) Importer(815301076,1909f56bfc062723c751e8b465ee728b)  -> (artifact id: '8e6f1875737976542be52a3061e85957') in 0.063367 seconds 
========================================================================
Received Import Request.
  Time since last request: 0.000394 seconds.
  path: Assets/Objekte/Obj/Rohstoffe/Lehmbiom/Lem/Rand/Lehm-Mitte 00.png
  artifactKey: Guid(c8146df6e2df1784aa4b634270818da5) Importer(815301076,1909f56bfc062723c751e8b465ee728b)
Start importing Assets/Objekte/Obj/Rohstoffe/Lehmbiom/Lem/Rand/Lehm-Mitte 00.png using Guid(c8146df6e2df1784aa4b634270818da5) Importer(815301076,1909f56bfc062723c751e8b465ee728b)  -> (artifact id: '6590531002a5cea8c5edec0e5ec2322a') in 0.018768 seconds 
========================================================================
Received Import Request.
  Time since last request: 0.000492 seconds.
  path: Assets/Objekte/Obj/Rohstoffe/Lehmbiom/Lem/Rand/Lehm_Rand-02.obj
  artifactKey: Guid(086449bf986061f44a3a4a86434dd92f) Importer(815301076,1909f56bfc062723c751e8b465ee728b)
Start importing Assets/Objekte/Obj/Rohstoffe/Lehmbiom/Lem/Rand/Lehm_Rand-02.obj using Guid(086449bf986061f44a3a4a86434dd92f) Importer(815301076,1909f56bfc062723c751e8b465ee728b)  -> (artifact id: '54ea789bd54be008f15c6efd73431cce') in 0.069628 seconds 
========================================================================
Received Import Request.
  Time since last request: 0.000435 seconds.
  path: Assets/Objekte/Obj/Rohstoffe/Lehmbiom/Lem/Rand/Lehm_Rand-02.png
  artifactKey: Guid(6c1e895e776ecb54f83d59ca7055d4cd) Importer(815301076,1909f56bfc062723c751e8b465ee728b)
Start importing Assets/Objekte/Obj/Rohstoffe/Lehmbiom/Lem/Rand/Lehm_Rand-02.png using Guid(6c1e895e776ecb54f83d59ca7055d4cd) Importer(815301076,1909f56bfc062723c751e8b465ee728b)  -> (artifact id: 'f3ac05c38726cb8602bd3fb8fb448c06') in 0.017902 seconds 
========================================================================
Received Import Request.
  Time since last request: 0.000487 seconds.
  path: Assets/Objekte/Obj/Rohstoffe/Lehmbiom/Lem/Rand/Lehm_Rand-03.obj
  artifactKey: Guid(239d3d10071e01a44b3a3e2960318ca4) Importer(815301076,1909f56bfc062723c751e8b465ee728b)
Start importing Assets/Objekte/Obj/Rohstoffe/Lehmbiom/Lem/Rand/Lehm_Rand-03.obj using Guid(239d3d10071e01a44b3a3e2960318ca4) Importer(815301076,1909f56bfc062723c751e8b465ee728b)  -> (artifact id: '037fa4d1a99fea2a914589f0a843bb03') in 0.066512 seconds 
========================================================================
Received Import Request.
  Time since last request: 0.000616 seconds.
  path: Assets/Objekte/Obj/Rohstoffe/Lehmbiom/Lem/Rand/Lehm_Rand-01.png
  artifactKey: Guid(7ef9ee9c3761df64aada8bab139c61ac) Importer(815301076,1909f56bfc062723c751e8b465ee728b)
Start importing Assets/Objekte/Obj/Rohstoffe/Lehmbiom/Lem/Rand/Lehm_Rand-01.png using Guid(7ef9ee9c3761df64aada8bab139c61ac) Importer(815301076,1909f56bfc062723c751e8b465ee728b)  -> (artifact id: '8a1cf3639843026b726e61c4f795ebe5') in 0.029467 seconds 
========================================================================
Received Import Request.
  Time since last request: 0.000408 seconds.
  path: Assets/Objekte/Obj/Rohstoffe/Lehmbiom/Lem/Rand/Lehm_Rand-04.png
  artifactKey: Guid(3be429aa0a7e0bd468953aa810b14f10) Importer(815301076,1909f56bfc062723c751e8b465ee728b)
Start importing Assets/Objekte/Obj/Rohstoffe/Lehmbiom/Lem/Rand/Lehm_Rand-04.png using Guid(3be429aa0a7e0bd468953aa810b14f10) Importer(815301076,1909f56bfc062723c751e8b465ee728b)  -> (artifact id: '4150c851a5b4f4ea91d7edb72f2bffd7') in 0.023382 seconds 
========================================================================
Received Import Request.
  Time since last request: 0.001220 seconds.
  path: Assets/Objekte/Obj/Rohstoffe/Lehmbiom/Lem/Rand/Lehm_Rand-04.obj
  artifactKey: Guid(92127d123c608ee4db82c1e6ee5b6050) Importer(815301076,1909f56bfc062723c751e8b465ee728b)
Start importing Assets/Objekte/Obj/Rohstoffe/Lehmbiom/Lem/Rand/Lehm_Rand-04.obj using Guid(92127d123c608ee4db82c1e6ee5b6050) Importer(815301076,1909f56bfc062723c751e8b465ee728b)  -> (artifact id: '8b26c33a0ae59837c5c92f933b1d8dce') in 0.067563 seconds 
========================================================================
Received Import Request.
  Time since last request: 0.000405 seconds.
  path: Assets/Objekte/Obj/Rohstoffe/Lehmbiom/Lem/Rand/Lehm_Rand-01.obj
  artifactKey: Guid(8f48f20bdcf0ef342a4315e7f7aba3b6) Importer(815301076,1909f56bfc062723c751e8b465ee728b)
Start importing Assets/Objekte/Obj/Rohstoffe/Lehmbiom/Lem/Rand/Lehm_Rand-01.obj using Guid(8f48f20bdcf0ef342a4315e7f7aba3b6) Importer(815301076,1909f56bfc062723c751e8b465ee728b)  -> (artifact id: '499bd863cfafd7015f49ca9991a4e3c5') in 0.064518 seconds 
========================================================================
Received Import Request.
  Time since last request: 0.000477 seconds.
  path: Assets/Objekte/Obj/Rohstoffe/Lehmbiom/Lem/Rand/Lehm_Rand-03.png
  artifactKey: Guid(2c82a45b1aba34141b4f0263eba91ad5) Importer(815301076,1909f56bfc062723c751e8b465ee728b)
Start importing Assets/Objekte/Obj/Rohstoffe/Lehmbiom/Lem/Rand/Lehm_Rand-03.png using Guid(2c82a45b1aba34141b4f0263eba91ad5) Importer(815301076,1909f56bfc062723c751e8b465ee728b)  -> (artifact id: '58a185f2373eda174461c37d0fd8c13e') in 0.017329 seconds 
========================================================================
Received Import Request.
  Time since last request: 32.451453 seconds.
  path: Assets/Objekte/Obj/Rohstoffe/Lehmbiom/Lem/Ecke/Lehm_Ecke-0.1.obj
  artifactKey: Guid(28ad7476cd4115649b24de17eb9b88ca) Importer(815301076,1909f56bfc062723c751e8b465ee728b)
Start importing Assets/Objekte/Obj/Rohstoffe/Lehmbiom/Lem/Ecke/Lehm_Ecke-0.1.obj using Guid(28ad7476cd4115649b24de17eb9b88ca) Importer(815301076,1909f56bfc062723c751e8b465ee728b)  -> (artifact id: '8026b1242679c1acb017740be66b8d77') in 0.066537 seconds 
========================================================================
Received Import Request.
  Time since last request: 0.000418 seconds.
  path: Assets/Objekte/Obj/Rohstoffe/Lehmbiom/Lem/Ecke/Lehm_Ecke-0.1.png
  artifactKey: Guid(cdf916d3726c7d4409edcbdd29d32baf) Importer(815301076,1909f56bfc062723c751e8b465ee728b)
Start importing Assets/Objekte/Obj/Rohstoffe/Lehmbiom/Lem/Ecke/Lehm_Ecke-0.1.png using Guid(cdf916d3726c7d4409edcbdd29d32baf) Importer(815301076,1909f56bfc062723c751e8b465ee728b)  -> (artifact id: '9a3d029b830f778b91fc2e67c58893f2') in 0.017749 seconds 
========================================================================
Received Import Request.
  Time since last request: 39.694626 seconds.
  path: Assets/ExampleAssets/Models/Workbench_Low.fbx
  artifactKey: Guid(ff6dc36862fe41641bb21568d92147c9) Importer(815301076,1909f56bfc062723c751e8b465ee728b)
Start importing Assets/ExampleAssets/Models/Workbench_Low.fbx using Guid(ff6dc36862fe41641bb21568d92147c9) Importer(815301076,1909f56bfc062723c751e8b465ee728b)  -> (artifact id: '171e4c309d05ad5587a5190352fca0ff') in 0.253818 seconds 
========================================================================
Received Import Request.
  Time since last request: 0.000418 seconds.
  path: Assets/ExampleAssets/Materials/DryWall_Mat.mat
  artifactKey: Guid(a68228c24abfa2f4b8954d7b0148f799) Importer(815301076,1909f56bfc062723c751e8b465ee728b)
Start importing Assets/ExampleAssets/Materials/DryWall_Mat.mat using Guid(a68228c24abfa2f4b8954d7b0148f799) Importer(815301076,1909f56bfc062723c751e8b465ee728b)  -> (artifact id: '9935704e699f32e95d14746f07cf8368') in 0.051412 seconds 
========================================================================
Received Import Request.
  Time since last request: 0.000430 seconds.
  path: Assets/ExampleAssets/Materials/ConstructionLight_Mat.mat
  artifactKey: Guid(49076442eeb7e054b8e8869f8b40656d) Importer(815301076,1909f56bfc062723c751e8b465ee728b)
Start importing Assets/ExampleAssets/Materials/ConstructionLight_Mat.mat using Guid(49076442eeb7e054b8e8869f8b40656d) Importer(815301076,1909f56bfc062723c751e8b465ee728b)  -> (artifact id: '39314cbe8257ebe0b7ae26eed4a4cd32') in 0.034060 seconds 
========================================================================
Received Import Request.
  Time since last request: 0.000463 seconds.
  path: Assets/ExampleAssets/Models/Workshop_Set.fbx
  artifactKey: Guid(47616bd0cda748d4cbedcfc908506b9d) Importer(815301076,1909f56bfc062723c751e8b465ee728b)
Start importing Assets/ExampleAssets/Models/Workshop_Set.fbx using Guid(47616bd0cda748d4cbedcfc908506b9d) Importer(815301076,1909f56bfc062723c751e8b465ee728b)  -> (artifact id: '30d46bd41085d5b7f386e299f6e96d0b') in 0.222579 seconds 
========================================================================
Received Import Request.
  Time since last request: 0.000431 seconds.
  path: Assets/ExampleAssets/Models/ConstructionLight_Low.fbx
  artifactKey: Guid(e3ae06a3979f53046aa05330d69de1fa) Importer(815301076,1909f56bfc062723c751e8b465ee728b)
Start importing Assets/ExampleAssets/Models/ConstructionLight_Low.fbx using Guid(e3ae06a3979f53046aa05330d69de1fa) Importer(815301076,1909f56bfc062723c751e8b465ee728b)  -> (artifact id: '484a336f57497f2e975a9a637c788dbb') in 0.121451 seconds 
========================================================================
Received Import Request.
  Time since last request: 0.000407 seconds.
  path: Assets/ExampleAssets/Models/Workbench.fbx
  artifactKey: Guid(efe9381559c516743bd05cef82f39ebb) Importer(815301076,1909f56bfc062723c751e8b465ee728b)
Start importing Assets/ExampleAssets/Models/Workbench.fbx using Guid(efe9381559c516743bd05cef82f39ebb) Importer(815301076,1909f56bfc062723c751e8b465ee728b)  -> (artifact id: 'fff753a3d607ad0b6b80fa6fe182f4e5') in 0.216374 seconds 
========================================================================
Received Import Request.
  Time since last request: 3.996964 seconds.
  path: Assets/Materials/Wiese/Wiese_Biom.mat
  artifactKey: Guid(af11e7a3e3acd014f92525152a62f1d9) Importer(815301076,1909f56bfc062723c751e8b465ee728b)
Start importing Assets/Materials/Wiese/Wiese_Biom.mat using Guid(af11e7a3e3acd014f92525152a62f1d9) Importer(815301076,1909f56bfc062723c751e8b465ee728b)  -> (artifact id: '7b268040af51cfbd4819e320fc877af5') in 0.049629 seconds 
========================================================================
Received Import Request.
  Time since last request: 2.062457 seconds.
  path: Assets/ExampleAssets/Models/hammer_low.fbx
  artifactKey: Guid(68a66fb5a71f8204a8dcb613c97d1fa8) Importer(815301076,1909f56bfc062723c751e8b465ee728b)
Start importing Assets/ExampleAssets/Models/hammer_low.fbx using Guid(68a66fb5a71f8204a8dcb613c97d1fa8) Importer(815301076,1909f56bfc062723c751e8b465ee728b)  -> (artifact id: 'fa726aedc13a1fcad81fa4c671bf934f') in 0.059438 seconds 
========================================================================
Received Import Request.
  Time since last request: 0.000453 seconds.
  path: Assets/ExampleAssets/Models/magneticlevel_low.fbx
  artifactKey: Guid(bae110eee250e4b418b188f4ae4e3170) Importer(815301076,1909f56bfc062723c751e8b465ee728b)
Start importing Assets/ExampleAssets/Models/magneticlevel_low.fbx using Guid(bae110eee250e4b418b188f4ae4e3170) Importer(815301076,1909f56bfc062723c751e8b465ee728b)  -> (artifact id: 'e2e76e6fd8da9e87599faf346ac753bd') in 0.135986 seconds 
========================================================================
Received Import Request.
  Time since last request: 0.000435 seconds.
  path: Assets/ExampleAssets/Models/paintbucket_low.fbx
  artifactKey: Guid(b451a052397f03c4f8a04d915d1c0492) Importer(815301076,1909f56bfc062723c751e8b465ee728b)
Start importing Assets/ExampleAssets/Models/paintbucket_low.fbx using Guid(b451a052397f03c4f8a04d915d1c0492) Importer(815301076,1909f56bfc062723c751e8b465ee728b)  -> (artifact id: '77d5d7a1885669b649b28e71b0d8208f') in 0.151774 seconds 
========================================================================
Received Import Request.
  Time since last request: 0.000554 seconds.
  path: Assets/ExampleAssets/Materials/LightBulb_Mat.mat
  artifactKey: Guid(ec739259ec61f5d4ba3ed6d34fd802a6) Importer(815301076,1909f56bfc062723c751e8b465ee728b)
Start importing Assets/ExampleAssets/Materials/LightBulb_Mat.mat using Guid(ec739259ec61f5d4ba3ed6d34fd802a6) Importer(815301076,1909f56bfc062723c751e8b465ee728b)  -> (artifact id: '16bd56895243f1849c927727dca3c5ec') in 0.058476 seconds 
========================================================================
Received Import Request.
  Time since last request: 0.000467 seconds.
  path: Assets/ExampleAssets/Materials/Metal_Blue_Simple_Mat.mat
  artifactKey: Guid(cd71291c91c8cce499cb663b5db9970e) Importer(815301076,1909f56bfc062723c751e8b465ee728b)
Start importing Assets/ExampleAssets/Materials/Metal_Blue_Simple_Mat.mat using Guid(cd71291c91c8cce499cb663b5db9970e) Importer(815301076,1909f56bfc062723c751e8b465ee728b)  -> (artifact id: '5c65ca50b40a8f1a41e0bc0bc48043b2') in 0.066726 seconds 
========================================================================
Received Import Request.
  Time since last request: 0.000602 seconds.
  path: Assets/ExampleAssets/Materials/OBS_Mat.mat
  artifactKey: Guid(c438e5c679f1be040a135443008e2fce) Importer(815301076,1909f56bfc062723c751e8b465ee728b)
Start importing Assets/ExampleAssets/Materials/OBS_Mat.mat using Guid(c438e5c679f1be040a135443008e2fce) Importer(815301076,1909f56bfc062723c751e8b465ee728b)  -> (artifact id: '43319c7fede9b147dfdc03bbdb9dd688') in 0.036989 seconds 
========================================================================
Received Import Request.
  Time since last request: 0.000477 seconds.
  path: Assets/ExampleAssets/Models/small_plane.fbx
  artifactKey: Guid(aeaee610429f51f44981e141eb2a3545) Importer(815301076,1909f56bfc062723c751e8b465ee728b)
Start importing Assets/ExampleAssets/Models/small_plane.fbx using Guid(aeaee610429f51f44981e141eb2a3545) Importer(815301076,1909f56bfc062723c751e8b465ee728b)  -> (artifact id: '9fd237b144b03060b756b4e2309f36f8') in 0.054701 seconds 
========================================================================
Received Import Request.
  Time since last request: 128.920545 seconds.
  path: Assets/Objekte/Obj/Rohstoffe/Wiese
  artifactKey: Guid(b69a5a39910c9f24bbfa7bad16655031) Importer(815301076,1909f56bfc062723c751e8b465ee728b)
Start importing Assets/Objekte/Obj/Rohstoffe/Wiese using Guid(b69a5a39910c9f24bbfa7bad16655031) Importer(815301076,1909f56bfc062723c751e8b465ee728b)  -> (artifact id: 'bb50397bba2e3872228c847c7d3138ae') in 0.014770 seconds 
========================================================================
Received Prepare
Registering precompiled user dll's ...
Registered in 0.007550 seconds.
Begin MonoManager ReloadAssembly
Native extension for WindowsStandalone target not found
Refreshing native plugins compatible for Editor in 1.30 ms, found 2 plugins.
Preloading 0 native plugins for Editor in 0.00 ms.
Mono: successfully reloaded assembly
- Completed reload, in  2.806 seconds
Domain Reload Profiling:
	ReloadAssembly (2807ms)
		BeginReloadAssembly (299ms)
			ExecutionOrderSort (0ms)
			DisableScriptedObjects (18ms)
			BackupInstance (0ms)
			ReleaseScriptingObjects (0ms)
			CreateAndSetChildDomain (87ms)
		EndReloadAssembly (2363ms)
			LoadAssemblies (219ms)
			RebuildTransferFunctionScriptingTraits (0ms)
			SetupTypeCache (746ms)
			ReleaseScriptCaches (2ms)
			RebuildScriptCaches (129ms)
			SetupLoadedEditorAssemblies (912ms)
				LogAssemblyErrors (0ms)
				InitializePlatformSupportModulesInManaged (12ms)
				SetLoadedEditorAssemblies (2ms)
				RefreshPlugins (1ms)
				BeforeProcessingInitializeOnLoad (230ms)
				ProcessInitializeOnLoadAttributes (634ms)
				ProcessInitializeOnLoadMethodAttributes (20ms)
				AfterProcessingInitializeOnLoad (12ms)
				EditorAssembliesLoaded (1ms)
			ExecutionOrderSort2 (0ms)
			AwakeInstancesAfterBackupRestoration (55ms)
Platform modules already initialized, skipping
Refreshing native plugins compatible for Editor in 1.46 ms, found 2 plugins.
Preloading 0 native plugins for Editor in 0.00 ms.
Unloading 3068 Unused Serialized files (Serialized files now loaded: 0)
System memory in use before: 162.7 MB.
System memory in use after: 162.9 MB.

Unloading 13 unused Assets to reduce memory usage. Loaded Objects now: 3731.
Total: 8.556800 ms (FindLiveObjects: 0.656800 ms CreateObjectMapping: 0.285100 ms MarkObjects: 7.562600 ms  DeleteObjects: 0.049400 ms)

AssetImportParameters requested are different than current active one (requested -> active):
  custom:framework-win-MediaFoundation: 216162199b28c13a410421893ffa2e32 -> 
  custom:video-decoder-ogg-theora: a1e56fd34408186e4bbccfd4996cb3dc -> 
  custom:container-muxer-webm: aa71ff27fc2769a1b78a27578f13a17b -> 
  custom:container-demuxer-webm: 4f35f7cbe854078d1ac9338744f61a02 -> 
  custom:container-demuxer-ogg: 62fdf1f143b41e24485cea50d1cbac27 -> 
  custom:video-encoder-webm-vp8: eb34c28f22e8b96e1ab97ce403110664 -> 
  custom:video-codec-MediaFoundation-h265: 746d11721c4dcdbdad8f713fa42b33f4 -> 
  custom:video-decoder-webm-vp8: 9c59270c3fd7afecdb556c50c9e8de78 -> 
  custom:audio-decoder-ogg-vorbis: bf7c407c2cedff20999df2af8eb42d56 -> 
  custom:audio-encoder-webm-vorbis: bf7c407c2cedff20999df2af8eb42d56 -> 
========================================================================
Received Prepare
Registering precompiled user dll's ...
Registered in 0.007627 seconds.
Begin MonoManager ReloadAssembly
Native extension for WindowsStandalone target not found
Refreshing native plugins compatible for Editor in 1.13 ms, found 2 plugins.
Preloading 0 native plugins for Editor in 0.00 ms.
Mono: successfully reloaded assembly
- Completed reload, in  2.768 seconds
Domain Reload Profiling:
	ReloadAssembly (2769ms)
		BeginReloadAssembly (255ms)
			ExecutionOrderSort (0ms)
			DisableScriptedObjects (12ms)
			BackupInstance (0ms)
			ReleaseScriptingObjects (0ms)
			CreateAndSetChildDomain (85ms)
		EndReloadAssembly (2352ms)
			LoadAssemblies (215ms)
			RebuildTransferFunctionScriptingTraits (0ms)
			SetupTypeCache (745ms)
			ReleaseScriptCaches (2ms)
			RebuildScriptCaches (125ms)
			SetupLoadedEditorAssemblies (896ms)
				LogAssemblyErrors (0ms)
				InitializePlatformSupportModulesInManaged (10ms)
				SetLoadedEditorAssemblies (1ms)
				RefreshPlugins (1ms)
				BeforeProcessingInitializeOnLoad (227ms)
				ProcessInitializeOnLoadAttributes (625ms)
				ProcessInitializeOnLoadMethodAttributes (20ms)
				AfterProcessingInitializeOnLoad (11ms)
				EditorAssembliesLoaded (1ms)
			ExecutionOrderSort2 (0ms)
			AwakeInstancesAfterBackupRestoration (52ms)
Platform modules already initialized, skipping
Refreshing native plugins compatible for Editor in 1.56 ms, found 2 plugins.
Preloading 0 native plugins for Editor in 0.00 ms.
Unloading 3068 Unused Serialized files (Serialized files now loaded: 0)
System memory in use before: 162.7 MB.
System memory in use after: 162.9 MB.

Unloading 13 unused Assets to reduce memory usage. Loaded Objects now: 3734.
Total: 8.245000 ms (FindLiveObjects: 0.502700 ms CreateObjectMapping: 0.197800 ms MarkObjects: 7.496100 ms  DeleteObjects: 0.046300 ms)

AssetImportParameters requested are different than current active one (requested -> active):
  custom:framework-win-MediaFoundation: 216162199b28c13a410421893ffa2e32 -> 
  custom:video-decoder-ogg-theora: a1e56fd34408186e4bbccfd4996cb3dc -> 
  custom:container-muxer-webm: aa71ff27fc2769a1b78a27578f13a17b -> 
  custom:container-demuxer-webm: 4f35f7cbe854078d1ac9338744f61a02 -> 
  custom:container-demuxer-ogg: 62fdf1f143b41e24485cea50d1cbac27 -> 
  custom:video-encoder-webm-vp8: eb34c28f22e8b96e1ab97ce403110664 -> 
  custom:video-codec-MediaFoundation-h265: 746d11721c4dcdbdad8f713fa42b33f4 -> 
  custom:video-decoder-webm-vp8: 9c59270c3fd7afecdb556c50c9e8de78 -> 
  custom:audio-decoder-ogg-vorbis: bf7c407c2cedff20999df2af8eb42d56 -> 
  custom:audio-encoder-webm-vorbis: bf7c407c2cedff20999df2af8eb42d56 -> 
========================================================================
Received Prepare
Registering precompiled user dll's ...
Registered in 0.007450 seconds.
Begin MonoManager ReloadAssembly
Native extension for WindowsStandalone target not found
Refreshing native plugins compatible for Editor in 1.08 ms, found 2 plugins.
Preloading 0 native plugins for Editor in 0.00 ms.
Mono: successfully reloaded assembly
- Completed reload, in  3.066 seconds
Domain Reload Profiling:
	ReloadAssembly (3067ms)
		BeginReloadAssembly (243ms)
			ExecutionOrderSort (0ms)
			DisableScriptedObjects (10ms)
			BackupInstance (0ms)
			ReleaseScriptingObjects (0ms)
			CreateAndSetChildDomain (73ms)
		EndReloadAssembly (2683ms)
			LoadAssemblies (215ms)
			RebuildTransferFunctionScriptingTraits (0ms)
			SetupTypeCache (833ms)
			ReleaseScriptCaches (3ms)
			RebuildScriptCaches (135ms)
			SetupLoadedEditorAssemblies (1097ms)
				LogAssemblyErrors (0ms)
				InitializePlatformSupportModulesInManaged (12ms)
				SetLoadedEditorAssemblies (1ms)
				RefreshPlugins (1ms)
				BeforeProcessingInitializeOnLoad (223ms)
				ProcessInitializeOnLoadAttributes (822ms)
				ProcessInitializeOnLoadMethodAttributes (24ms)
				AfterProcessingInitializeOnLoad (12ms)
				EditorAssembliesLoaded (1ms)
			ExecutionOrderSort2 (0ms)
			AwakeInstancesAfterBackupRestoration (53ms)
Platform modules already initialized, skipping
Refreshing native plugins compatible for Editor in 1.14 ms, found 2 plugins.
Preloading 0 native plugins for Editor in 0.00 ms.
Unloading 3068 Unused Serialized files (Serialized files now loaded: 0)
System memory in use before: 162.7 MB.
System memory in use after: 162.9 MB.

Unloading 13 unused Assets to reduce memory usage. Loaded Objects now: 3737.
Total: 9.825600 ms (FindLiveObjects: 0.944300 ms CreateObjectMapping: 0.497300 ms MarkObjects: 8.330700 ms  DeleteObjects: 0.051000 ms)

AssetImportParameters requested are different than current active one (requested -> active):
  custom:framework-win-MediaFoundation: 216162199b28c13a410421893ffa2e32 -> 
  custom:video-decoder-ogg-theora: a1e56fd34408186e4bbccfd4996cb3dc -> 
  custom:container-muxer-webm: aa71ff27fc2769a1b78a27578f13a17b -> 
  custom:container-demuxer-webm: 4f35f7cbe854078d1ac9338744f61a02 -> 
  custom:container-demuxer-ogg: 62fdf1f143b41e24485cea50d1cbac27 -> 
  custom:video-encoder-webm-vp8: eb34c28f22e8b96e1ab97ce403110664 -> 
  custom:video-codec-MediaFoundation-h265: 746d11721c4dcdbdad8f713fa42b33f4 -> 
  custom:video-decoder-webm-vp8: 9c59270c3fd7afecdb556c50c9e8de78 -> 
  custom:audio-decoder-ogg-vorbis: bf7c407c2cedff20999df2af8eb42d56 -> 
  custom:audio-encoder-webm-vorbis: bf7c407c2cedff20999df2af8eb42d56 -> 
========================================================================
Received Prepare
Registering precompiled user dll's ...
Registered in 0.010034 seconds.
Begin MonoManager ReloadAssembly
Native extension for WindowsStandalone target not found
Refreshing native plugins compatible for Editor in 0.92 ms, found 2 plugins.
Preloading 0 native plugins for Editor in 0.00 ms.
Mono: successfully reloaded assembly
- Completed reload, in  1.883 seconds
Domain Reload Profiling:
	ReloadAssembly (1884ms)
		BeginReloadAssembly (195ms)
			ExecutionOrderSort (0ms)
			DisableScriptedObjects (8ms)
			BackupInstance (0ms)
			ReleaseScriptingObjects (0ms)
			CreateAndSetChildDomain (53ms)
		EndReloadAssembly (1594ms)
			LoadAssemblies (205ms)
			RebuildTransferFunctionScriptingTraits (0ms)
			SetupTypeCache (467ms)
			ReleaseScriptCaches (2ms)
			RebuildScriptCaches (81ms)
			SetupLoadedEditorAssemblies (611ms)
				LogAssemblyErrors (0ms)
				InitializePlatformSupportModulesInManaged (6ms)
				SetLoadedEditorAssemblies (1ms)
				RefreshPlugins (1ms)
				BeforeProcessingInitializeOnLoad (150ms)
				ProcessInitializeOnLoadAttributes (431ms)
				ProcessInitializeOnLoadMethodAttributes (15ms)
				AfterProcessingInitializeOnLoad (7ms)
				EditorAssembliesLoaded (0ms)
			ExecutionOrderSort2 (0ms)
			AwakeInstancesAfterBackupRestoration (36ms)
Platform modules already initialized, skipping
Refreshing native plugins compatible for Editor in 0.90 ms, found 2 plugins.
Preloading 0 native plugins for Editor in 0.00 ms.
Unloading 3068 Unused Serialized files (Serialized files now loaded: 0)
System memory in use before: 162.7 MB.
System memory in use after: 163.0 MB.

Unloading 13 unused Assets to reduce memory usage. Loaded Objects now: 3740.
Total: 7.524500 ms (FindLiveObjects: 0.388400 ms CreateObjectMapping: 0.137200 ms MarkObjects: 6.953700 ms  DeleteObjects: 0.043100 ms)

AssetImportParameters requested are different than current active one (requested -> active):
  custom:framework-win-MediaFoundation: 216162199b28c13a410421893ffa2e32 -> 
  custom:video-decoder-ogg-theora: a1e56fd34408186e4bbccfd4996cb3dc -> 
  custom:container-muxer-webm: aa71ff27fc2769a1b78a27578f13a17b -> 
  custom:container-demuxer-webm: 4f35f7cbe854078d1ac9338744f61a02 -> 
  custom:container-demuxer-ogg: 62fdf1f143b41e24485cea50d1cbac27 -> 
  custom:video-encoder-webm-vp8: eb34c28f22e8b96e1ab97ce403110664 -> 
  custom:video-codec-MediaFoundation-h265: 746d11721c4dcdbdad8f713fa42b33f4 -> 
  custom:video-decoder-webm-vp8: 9c59270c3fd7afecdb556c50c9e8de78 -> 
  custom:audio-decoder-ogg-vorbis: bf7c407c2cedff20999df2af8eb42d56 -> 
  custom:audio-encoder-webm-vorbis: bf7c407c2cedff20999df2af8eb42d56 -> 
AssetImportWorkerClient::OnTransportError - code=2 error=End of file
